<?xml version="1.0" encoding="UTF-8"?>
<!-- Generated by org.testng.reporters.JUnitReportReporter -->
<testsuite skipped="0" hostname="DESKTOP-1B5EHLS" name="com.qa.WellsFargoPro.DDF_XL" tests="1" failures="0" timestamp="06 May 2020 05:02:29 GMT" time="33.884" errors="0">
  <testcase name="f" time="33.884" classname="com.qa.WellsFargoPro.DDF_XL"/>
</testsuite> <!-- com.qa.WellsFargoPro.DDF_XL -->
